# JRE version: Java(TM) SE Runtime Environment (8.0_251-b08) (build 1.8.0_251-b08)
# Java VM: Java HotSpot(TM) 64-Bit Server VM (25.251-b08 mixed mode windows-amd64 compressed oops)
Heap:
 PSYoungGen      total 437760K, used 437742K [0x000000076b500000, 0x000000078fc00000, 0x00000007c0000000)
  eden space 423936K, 100% used [0x000000076b500000,0x0000000785300000,0x0000000785300000)
  from space 13824K, 99% used [0x0000000785300000,0x000000078607bb78,0x0000000786080000)
  to   space 20992K, 61% used [0x000000078e780000,0x000000078f4197b0,0x000000078fc00000)
 ParOldGen       total 125440K, used 29803K [0x00000006c1e00000, 0x00000006c9880000, 0x000000076b500000)
  object space 125440K, 23% used [0x00000006c1e00000,0x00000006c3b1af88,0x00000006c9880000)
 Metaspace       used 55231K, capacity 58380K, committed 58624K, reserved 1099776K
  class space    used 7579K, capacity 8131K, committed 8192K, reserved 1048576K
GC Heap History (10 events):
Event: 5.062 GC heap after
Heap after GC invocations=7 (full 1):
 PSYoungGen      total 240640K, used 2037K [0x000000076b500000, 0x000000077bf80000, 0x00000007c0000000)
  eden space 238592K, 0% used [0x000000076b500000,0x000000076b500000,0x0000000779e00000)
  from space 2048K, 99% used [0x000000077bd80000,0x000000077bf7d520,0x000000077bf80000)
  to   space 9728K, 0% used [0x000000077ac80000,0x000000077ac80000,0x000000077b600000)
 ParOldGen       total 82432K, used 6327K [0x00000006c1e00000, 0x00000006c6e80000, 0x000000076b500000)
  object space 82432K, 7% used [0x00000006c1e00000,0x00000006c242de50,0x00000006c6e80000)
 Metaspace       used 20995K, capacity 21772K, committed 21936K, reserved 1069056K
  class space    used 2711K, capacity 2904K, committed 2944K, reserved 1048576K
}
Event: 6.563 GC heap before
{Heap before GC invocations=8 (full 1):
 PSYoungGen      total 240640K, used 240599K [0x000000076b500000, 0x000000077bf80000, 0x00000007c0000000)
  eden space 238592K, 99% used [0x000000076b500000,0x0000000779df89a0,0x0000000779e00000)
  from space 2048K, 99% used [0x000000077bd80000,0x000000077bf7d520,0x000000077bf80000)
  to   space 9728K, 0% used [0x000000077ac80000,0x000000077ac80000,0x000000077b600000)
 ParOldGen       total 82432K, used 6327K [0x00000006c1e00000, 0x00000006c6e80000, 0x000000076b500000)
  object space 82432K, 7% used [0x00000006c1e00000,0x00000006c242de50,0x00000006c6e80000)
 Metaspace       used 27800K, capacity 29536K, committed 29696K, reserved 1075200K
  class space    used 3723K, capacity 4074K, committed 4096K, reserved 1048576K
Event: 6.574 GC heap after
Heap after GC invocations=8 (full 1):
 PSYoungGen      total 263168K, used 9707K [0x000000076b500000, 0x0000000786c00000, 0x00000007c0000000)
  eden space 253440K, 0% used [0x000000076b500000,0x000000076b500000,0x000000077ac80000)
  from space 9728K, 99% used [0x000000077ac80000,0x000000077b5fad30,0x000000077b600000)
  to   space 11776K, 0% used [0x0000000786080000,0x0000000786080000,0x0000000786c00000)
 ParOldGen       total 82432K, used 8483K [0x00000006c1e00000, 0x00000006c6e80000, 0x000000076b500000)
  object space 82432K, 10% used [0x00000006c1e00000,0x00000006c2648ef0,0x00000006c6e80000)
 Metaspace       used 27800K, capacity 29536K, committed 29696K, reserved 1075200K
  class space    used 3723K, capacity 4074K, committed 4096K, reserved 1048576K
}
Event: 7.420 GC heap before
{Heap before GC invocations=9 (full 1):
 PSYoungGen      total 263168K, used 166049K [0x000000076b500000, 0x0000000786c00000, 0x00000007c0000000)
  eden space 253440K, 61% used [0x000000076b500000,0x0000000774dad7f0,0x000000077ac80000)
  from space 9728K, 99% used [0x000000077ac80000,0x000000077b5fad30,0x000000077b600000)
  to   space 11776K, 0% used [0x0000000786080000,0x0000000786080000,0x0000000786c00000)
 ParOldGen       total 82432K, used 8483K [0x00000006c1e00000, 0x00000006c6e80000, 0x000000076b500000)
  object space 82432K, 10% used [0x00000006c1e00000,0x00000006c2648ef0,0x00000006c6e80000)
 Metaspace       used 33501K, capacity 35408K, committed 35456K, reserved 1079296K
  class space    used 4571K, capacity 4962K, committed 4992K, reserved 1048576K
Event: 7.431 GC heap after
Heap after GC invocations=9 (full 1):
 PSYoungGen      total 435712K, used 11752K [0x000000076b500000, 0x0000000788500000, 0x00000007c0000000)
  eden space 423936K, 0% used [0x000000076b500000,0x000000076b500000,0x0000000785300000)
  from space 11776K, 99% used [0x0000000786080000,0x0000000786bfa068,0x0000000786c00000)
  to   space 13824K, 0% used [0x0000000785300000,0x0000000785300000,0x0000000786080000)
 ParOldGen       total 82432K, used 8574K [0x00000006c1e00000, 0x00000006c6e80000, 0x000000076b500000)
  object space 82432K, 10% used [0x00000006c1e00000,0x00000006c265fbc0,0x00000006c6e80000)
 Metaspace       used 33501K, capacity 35408K, committed 35456K, reserved 1079296K
  class space    used 4571K, capacity 4962K, committed 4992K, reserved 1048576K
}
Event: 7.431 GC heap before
{Heap before GC invocations=10 (full 2):
 PSYoungGen      total 435712K, used 11752K [0x000000076b500000, 0x0000000788500000, 0x00000007c0000000)
  eden space 423936K, 0% used [0x000000076b500000,0x000000076b500000,0x0000000785300000)
  from space 11776K, 99% used [0x0000000786080000,0x0000000786bfa068,0x0000000786c00000)
  to   space 13824K, 0% used [0x0000000785300000,0x0000000785300000,0x0000000786080000)
 ParOldGen       total 82432K, used 8574K [0x00000006c1e00000, 0x00000006c6e80000, 0x000000076b500000)
  object space 82432K, 10% used [0x00000006c1e00000,0x00000006c265fbc0,0x00000006c6e80000)
 Metaspace       used 33501K, capacity 35408K, committed 35456K, reserved 1079296K
  class space    used 4571K, capacity 4962K, committed 4992K, reserved 1048576K
Event: 7.494 GC heap after
Heap after GC invocations=10 (full 2):
 PSYoungGen      total 435712K, used 0K [0x000000076b500000, 0x0000000788500000, 0x00000007c0000000)
  eden space 423936K, 0% used [0x000000076b500000,0x000000076b500000,0x0000000785300000)
  from space 11776K, 0% used [0x0000000786080000,0x0000000786080000,0x0000000786c00000)
  to   space 13824K, 0% used [0x0000000785300000,0x0000000785300000,0x0000000786080000)
 ParOldGen       total 125440K, used 16723K [0x00000006c1e00000, 0x00000006c9880000, 0x000000076b500000)
  object space 125440K, 13% used [0x00000006c1e00000,0x00000006c2e54c90,0x00000006c9880000)
 Metaspace       used 33501K, capacity 35408K, committed 35456K, reserved 1079296K
  class space    used 4571K, capacity 4962K, committed 4992K, reserved 1048576K
}
Event: 77.488 GC heap before
{Heap before GC invocations=11 (full 2):
 PSYoungGen      total 435712K, used 423936K [0x000000076b500000, 0x0000000788500000, 0x00000007c0000000)
  eden space 423936K, 100% used [0x000000076b500000,0x0000000785300000,0x0000000785300000)
  from space 11776K, 0% used [0x0000000786080000,0x0000000786080000,0x0000000786c00000)
  to   space 13824K, 0% used [0x0000000785300000,0x0000000785300000,0x0000000786080000)
 ParOldGen       total 125440K, used 16723K [0x00000006c1e00000, 0x00000006c9880000, 0x000000076b500000)
  object space 125440K, 13% used [0x00000006c1e00000,0x00000006c2e54c90,0x00000006c9880000)
 Metaspace       used 52937K, capacity 55952K, committed 56320K, reserved 1097728K
  class space    used 7298K, capacity 7827K, committed 7936K, reserved 1048576K
Event: 77.512 GC heap after
Heap after GC invocations=11 (full 2):
 PSYoungGen      total 437760K, used 13806K [0x000000076b500000, 0x000000078fc00000, 0x00000007c0000000)
  eden space 423936K, 0% used [0x000000076b500000,0x000000076b500000,0x0000000785300000)
  from space 13824K, 99% used [0x0000000785300000,0x000000078607bb78,0x0000000786080000)
  to   space 20992K, 0% used [0x000000078e780000,0x000000078e780000,0x000000078fc00000)
 ParOldGen       total 125440K, used 29795K [0x00000006c1e00000, 0x00000006c9880000, 0x000000076b500000)
  object space 125440K, 23% used [0x00000006c1e00000,0x00000006c3b18f88,0x00000006c9880000)
 Metaspace       used 52937K, capacity 55952K, committed 56320K, reserved 1097728K
  class space    used 7298K, capacity 7827K, committed 7936K, reserved 1048576K
}
Event: 3545.245 GC heap before
{Heap before GC invocations=12 (full 2):
 PSYoungGen      total 437760K, used 437742K [0x000000076b500000, 0x000000078fc00000, 0x00000007c0000000)
  eden space 423936K, 100% used [0x000000076b500000,0x0000000785300000,0x0000000785300000)
  from space 13824K, 99% used [0x0000000785300000,0x000000078607bb78,0x0000000786080000)
  to   space 20992K, 0% used [0x000000078e780000,0x000000078e780000,0x000000078fc00000)
 ParOldGen       total 125440K, used 29795K [0x00000006c1e00000, 0x00000006c9880000, 0x000000076b500000)
  object space 125440K, 23% used [0x00000006c1e00000,0x00000006c3b18f88,0x00000006c9880000)
 Metaspace       used 55231K, capacity 58380K, committed 58624K, reserved 1099776K
  class space    used 7579K, capacity 8131K, committed 8192K, reserved 1048576K

